<?xml version="1.0" encoding="UTF-8"?>
<!-- Generated by org.testng.reporters.JUnitReportReporter -->
<testsuite hostname="DESKTOP-VG688VM" failures="0" tests="4" name="api.test.UserTests" time="15.158" errors="0" timestamp="2024-12-27T23:32:54 IST" skipped="0">
  <testcase classname="api.test.UserTests" name="testPostUser" time="4.034"/>
  <testcase classname="api.test.UserTests" name="testGetUserByName" time="7.832"/>
  <testcase classname="api.test.UserTests" name="testUpdateUserByName" time="2.194"/>
  <testcase classname="api.test.UserTests" name="TestDeleteUserByName" time="1.098"/>
</testsuite> <!-- api.test.UserTests -->
