<?xml version="1.0" encoding="UTF-8"?>
<!-- Generated by org.testng.reporters.JUnitReportReporter -->
<testsuite hostname="DESKTOP-VG688VM" failures="0" tests="4" name="api.test.UserTests2" time="8.740" errors="0" timestamp="2024-12-28T00:22:16 IST" skipped="0">
  <testcase classname="api.test.UserTests2" name="testPostUser" time="4.112"/>
  <testcase classname="api.test.UserTests2" name="testGetUserByName" time="1.158"/>
  <testcase classname="api.test.UserTests2" name="testUpdateUserByName" time="2.343"/>
  <testcase classname="api.test.UserTests2" name="TestDeleteUserByName" time="1.127"/>
</testsuite> <!-- api.test.UserTests2 -->
