<?xml version="1.0" encoding="UTF-8"?>
<!-- Generated by org.testng.reporters.JUnitReportReporter -->
<testsuite hostname="DESKTOP-VG688VM" failures="0" tests="6" name="api.test.DataDrivenTests" time="10.071" errors="0" timestamp="2024-12-27T19:32:15 IST" skipped="0">
  <testcase classname="api.test.DataDrivenTests" name="testPostUser" time="1.108"/>
  <testcase classname="api.test.DataDrivenTests" name="testPostUser" time="4.422"/>
  <testcase classname="api.test.DataDrivenTests" name="testPostUser" time="1.111"/>
  <testcase classname="api.test.DataDrivenTests" name="TestDeleteUserByName" time="1.108"/>
  <testcase classname="api.test.DataDrivenTests" name="TestDeleteUserByName" time="1.169"/>
  <testcase classname="api.test.DataDrivenTests" name="TestDeleteUserByName" time="1.153"/>
</testsuite> <!-- api.test.DataDrivenTests -->
