<?xml version="1.0" encoding="UTF-8"?>
<!-- Generated by org.testng.reporters.JUnitReportReporter -->
<testsuite hostname="DESKTOP-VG688VM" failures="0" tests="4" name="api.test.UserTests2" time="8.879" errors="0" timestamp="2024-12-28T01:21:55 IST" skipped="0">
  <testcase classname="api.test.UserTests2" name="testPostUser" time="4.408"/>
  <testcase classname="api.test.UserTests2" name="testGetUserByName" time="1.157"/>
  <testcase classname="api.test.UserTests2" name="testUpdateUserByName" time="2.204"/>
  <testcase classname="api.test.UserTests2" name="TestDeleteUserByName" time="1.110"/>
</testsuite> <!-- api.test.UserTests2 -->
