<?xml version="1.0" encoding="UTF-8"?>
<!-- Generated by org.testng.reporters.JUnitReportReporter -->
<testsuite hostname="DESKTOP-VG688VM" failures="0" tests="4" name="api.test.UserTests" time="9.256" errors="0" timestamp="2024-12-28T00:14:22 IST" skipped="0">
  <testcase classname="api.test.UserTests" name="testPostUser" time="4.508"/>
  <testcase classname="api.test.UserTests" name="testGetUserByName" time="1.175"/>
  <testcase classname="api.test.UserTests" name="testUpdateUserByName" time="2.465"/>
  <testcase classname="api.test.UserTests" name="TestDeleteUserByName" time="1.108"/>
</testsuite> <!-- api.test.UserTests -->
